
Thu, 13 Apr 2017 18:06:28 index.py[line:79] INFO getstatus function :start get status...
Thu, 13 Apr 2017 18:06:33 index.py[line:79] INFO getstatus function :start get status...
Thu, 13 Apr 2017 18:06:47 index.py[line:79] INFO getstatus function :start get status...
Thu, 13 Apr 2017 18:06:47 index.py[line:89] INFO get status : mode is 2, taskid is 1, result : code is 10001, error is No Message
Thu, 13 Apr 2017 18:44:35 index.py[line:95] INFO stop function :stop init...
Thu, 13 Apr 2017 18:44:35 index.py[line:105] INFO stop : mode is 2, taskid is 1, result : code is 10001, error is No Message
Thu, 13 Apr 2017 18:44:53 index.py[line:95] INFO stop function :stop init...
Thu, 13 Apr 2017 18:44:53 index.py[line:105] INFO stop : mode is 2, taskid is 1, result : code is 10001, error is No Message
Thu, 13 Apr 2017 18:45:18 index.py[line:95] INFO stop function :stop init...
Thu, 13 Apr 2017 18:45:18 index.py[line:105] INFO stop : mode is 1, taskid is 1, result : code is 10001, error is No Message
Tue, 18 Apr 2017 16:30:32 index.py[line:49] INFO connect function : connecting...
Tue, 18 Apr 2017 16:30:32 index.py[line:57] INFO connect & setting : set frequency is 10
Tue, 18 Apr 2017 16:30:49 index.py[line:49] INFO connect function : connecting...
Tue, 18 Apr 2017 16:30:49 index.py[line:57] INFO connect & setting : set frequency is 10
Tue, 18 Apr 2017 16:30:51 index.py[line:49] INFO connect function : connecting...
Tue, 18 Apr 2017 16:30:51 index.py[line:57] INFO connect & setting : set frequency is 10
Tue, 18 Apr 2017 16:31:00 index.py[line:49] INFO connect function : connecting...
Tue, 18 Apr 2017 16:31:00 index.py[line:57] INFO connect & setting : set frequency is 10
Tue, 18 Apr 2017 16:33:34 index.py[line:63] INFO action function :start receive action...
Tue, 18 Apr 2017 16:33:34 index.py[line:74] INFO receive action : mode is 1, result : status is True, taskid is 10001
Tue, 18 Apr 2017 16:33:50 index.py[line:63] INFO action function :start receive action...
Tue, 18 Apr 2017 16:33:50 index.py[line:74] INFO receive action : mode is 1, result : status is True, taskid is 10001
Tue, 18 Apr 2017 16:37:37 index.py[line:63] INFO action function :start receive action...
Tue, 18 Apr 2017 16:37:37 index.py[line:76] INFO receive action : mode is 1,speed is False, result : status is True, taskid is 10001
Tue, 18 Apr 2017 16:38:25 index.py[line:63] INFO action function :start receive action...
Tue, 18 Apr 2017 16:38:34 index.py[line:63] INFO action function :start receive action...
Tue, 18 Apr 2017 16:40:01 index.py[line:63] INFO action function :start receive action...
Tue, 18 Apr 2017 16:41:16 index.py[line:63] INFO action function :start receive action...
Tue, 18 Apr 2017 16:41:16 index.py[line:76] INFO receive action : mode is 1,speed is 10, result : status is True, taskid is 10001
Wed, 19 Apr 2017 15:30:53 index.py[line:65] INFO action function :start receive action...
Wed, 19 Apr 2017 15:30:53 index.py[line:75] INFO receive action : mode is 1, result : status is True
Wed, 19 Apr 2017 15:31:07 index.py[line:65] INFO action function :start receive action...
Wed, 19 Apr 2017 15:31:07 index.py[line:75] INFO receive action : mode is 3, result : status is True
Wed, 19 Apr 2017 15:31:24 index.py[line:65] INFO action function :start receive action...
Wed, 19 Apr 2017 15:31:24 index.py[line:77] WARNING receive action is wrong : mode is 0, [json]{"direction":"front","speed":"10"}
